<?xml version="1.0" encoding="UTF-8"?>
<!-- Generated by org.testng.reporters.JUnitXMLReporter -->
<testsuite hostname="Gaurav-PC" ignored="0" name="Command line test" tests="2" failures="0" timestamp="09 Sep 2018 16:01:08 GMT" time="0.107" errors="0">
  <testcase name="@BeforeTest extentSetup" time="0.055" classname="googleDemo.tests.KeywordSearchTest">
    <failure type="java.lang.NoClassDefFoundError" message="freemarker/template/TemplateModelException">
      <![CDATA[java.lang.NoClassDefFoundError: freemarker/template/TemplateModelException
at googleDemo.utils.ExtentManager.getHtmlReporter(ExtentManager.java:26)
at googleDemo.utils.ExtentManager.getExtent(ExtentManager.java:20)
at googleDemo.tests.KeywordSearchTest.extentSetup(KeywordSearchTest.java:34)
Caused by: java.lang.ClassNotFoundException: freemarker.template.TemplateModelException
at java.net.URLClassLoader.findClass(URLClassLoader.java:381)
at java.lang.ClassLoader.loadClass(ClassLoader.java:424)
at sun.misc.Launcher$AppClassLoader.loadClass(Launcher.java:331)
at java.lang.ClassLoader.loadClass(ClassLoader.java:357)
... 37 more
... Removed 34 stack frames]]>
    </failure>
  </testcase> <!-- @BeforeTest extentSetup -->
  <testcase name="@BeforeMethod setup" time="0.0" classname="googleDemo.tests.ImagePageTest">
    <skipped/>
  </testcase> <!-- @BeforeMethod setup -->
  <testcase name="@AfterMethod tearDown" time="0.0" classname="googleDemo.tests.ImagePageTest">
    <skipped/>
  </testcase> <!-- @AfterMethod tearDown -->
  <testcase name="@BeforeMethod setup" time="0.0" classname="googleDemo.tests.KeywordSearchTest">
    <skipped/>
  </testcase> <!-- @BeforeMethod setup -->
  <testcase name="@AfterMethod tearDown" time="0.0" classname="googleDemo.tests.KeywordSearchTest">
    <skipped/>
  </testcase> <!-- @AfterMethod tearDown -->
  <testcase name="@AfterTest extentClose" time="0.0" classname="googleDemo.tests.KeywordSearchTest">
    <skipped/>
  </testcase> <!-- @AfterTest extentClose -->
  <testcase name="validateImagePage" time="0.0" classname="googleDemo.tests.ImagePageTest">
    <skipped/>
  </testcase> <!-- validateImagePage -->
  <testcase name="itemSearch" time="0.0" classname="googleDemo.tests.KeywordSearchTest">
    <skipped/>
  </testcase> <!-- itemSearch -->
</testsuite> <!-- Command line test -->
